d:\vsstudio\codec++\game\trygame\trygame\x64\debug\vc143.pdb
d:\vsstudio\codec++\game\trygame\trygame\x64\debug\vc143.idb
d:\vsstudio\codec++\game\trygame\trygame\x64\debug\main.obj
d:\vsstudio\codec++\game\trygame\trygame\x64\debug\player.obj
d:\vsstudio\codec++\game\trygame\trygame\x64\debug\game.obj
d:\vsstudio\codec++\game\trygame\trygame\x64\debug\background.obj
d:\vsstudio\codec++\game\trygame\x64\debug\trygame.exe
d:\vsstudio\codec++\game\trygame\x64\debug\trygame.pdb
d:\vsstudio\codec++\game\trygame\trygame\x64\debug\trygame.ilk
d:\vsstudio\codec++\game\trygame\trygame\x64\debug\gameoverscreen.obj
d:\vsstudio\codec++\game\trygame\trygame\x64\debug\item.obj
d:\vsstudio\codec++\game\trygame\trygame\x64\debug\menu.obj
d:\vsstudio\codec++\game\trygame\trygame\x64\debug\pausescreen.obj
d:\vsstudio\codec++\game\trygame\trygame\x64\debug\point.obj
d:\vsstudio\codec++\game\trygame\trygame\x64\debug\score.obj
d:\vsstudio\codec++\game\trygame\trygame\x64\debug\setting.obj
d:\vsstudio\codec++\game\trygame\trygame\x64\debug\story.obj
d:\vsstudio\codec++\game\trygame\trygame\x64\debug\trygame.tlog\cl.command.1.tlog
d:\vsstudio\codec++\game\trygame\trygame\x64\debug\trygame.tlog\cl.items.tlog
d:\vsstudio\codec++\game\trygame\trygame\x64\debug\trygame.tlog\cl.write.1.tlog
d:\vsstudio\codec++\game\trygame\trygame\x64\debug\trygame.tlog\link.command.1.tlog
d:\vsstudio\codec++\game\trygame\trygame\x64\debug\trygame.tlog\link.read.1.tlog
d:\vsstudio\codec++\game\trygame\trygame\x64\debug\trygame.tlog\link.secondary.1.tlog
d:\vsstudio\codec++\game\trygame\trygame\x64\debug\trygame.tlog\link.write.1.tlog
